<?xml version="1.0" encoding="UTF-8"?>
<testsuite name="CinemaTests" tests="1" skipped="0" failures="0" errors="0" timestamp="2021-08-05T12:03:51" hostname="DESKTOP-I1O0VPU" time="2.844">
  <properties/>
  <testcase name="start" classname="CinemaTests" time="2.844"/>
  <system-out><![CDATA[?[1;31m
Start test 1?[0m

  .   ____          _            __ _ _
 /\\ / ___'_ __ _ _(_)_ __  __ _ \ \ \ \
( ( )\___ | '_ | '_| | '_ \/ _` | \ \ \ \
 \\/  ___)| |_)| | | | | || (_| |  ) ) ) )
  '  |____| .__|_| |_|_| |_\__, | / / / /
 =========|_|==============|___/=/_/_/_/
 :: Spring Boot ::        (v2.3.1.RELEASE)

2021-08-05 14:03:51.928  INFO 23988 --- [    Test worker] cinema.Main                              : Starting Main on DESKTOP-I1O0VPU with PID 23988 (started by const in C:\projects\Cinema Room REST Service\Cinema Room REST Service\task)
2021-08-05 14:03:51.931  INFO 23988 --- [    Test worker] cinema.Main                              : No active profile set, falling back to default profiles: default
2021-08-05 14:03:53.038  INFO 23988 --- [    Test worker] o.s.b.w.embedded.tomcat.TomcatWebServer  : Tomcat initialized with port(s): 28852 (http)
2021-08-05 14:03:53.048  INFO 23988 --- [    Test worker] o.apache.catalina.core.StandardService   : Starting service [Tomcat]
2021-08-05 14:03:53.048  INFO 23988 --- [    Test worker] org.apache.catalina.core.StandardEngine  : Starting Servlet engine: [Apache Tomcat/9.0.36]
2021-08-05 14:03:53.140  INFO 23988 --- [    Test worker] o.a.c.c.C.[Tomcat].[localhost].[/]       : Initializing Spring embedded WebApplicationContext
2021-08-05 14:03:53.140  INFO 23988 --- [    Test worker] w.s.c.ServletWebServerApplicationContext : Root WebApplicationContext: initialization completed in 1168 ms
2021-08-05 14:03:53.376  INFO 23988 --- [    Test worker] o.s.s.concurrent.ThreadPoolTaskExecutor  : Initializing ExecutorService 'applicationTaskExecutor'
2021-08-05 14:03:53.595  INFO 23988 --- [    Test worker] o.s.b.a.e.web.EndpointLinksResolver      : Exposing 14 endpoint(s) beneath base path '/actuator'
2021-08-05 14:03:53.638  INFO 23988 --- [    Test worker] o.s.b.w.embedded.tomcat.TomcatWebServer  : Tomcat started on port(s): 28852 (http) with context path ''
2021-08-05 14:03:53.648  INFO 23988 --- [    Test worker] cinema.Main                              : Started Main in 2.063 seconds (JVM running for 2.947)
2021-08-05 14:03:53.968  INFO 23988 --- [io-28852-exec-1] o.a.c.c.C.[Tomcat].[localhost].[/]       : Initializing Spring DispatcherServlet 'dispatcherServlet'
2021-08-05 14:03:53.970  INFO 23988 --- [io-28852-exec-1] o.s.web.servlet.DispatcherServlet        : Initializing Servlet 'dispatcherServlet'
2021-08-05 14:03:53.976  INFO 23988 --- [io-28852-exec-1] o.s.web.servlet.DispatcherServlet        : Completed initialization in 6 ms
?[1;31m
Start test 2?[0m
?[1;31m
Start test 3?[0m
?[1;31m
Start test 4?[0m
?[1;31m
Start test 5?[0m
?[1;31m
Start test 6?[0m
?[1;31m
Start test 7?[0m
?[1;31m
Start test 8?[0m
?[1;31m
Start test 9?[0m
?[1;31m
Start test 10?[0m
?[1;31m
Start test 11?[0m
?[1;31m
Start test 12?[0m
]]></system-out>
  <system-err><![CDATA[]]></system-err>
</testsuite>
